<?xml version="1.0" encoding="UTF-8"?>
<!-- Generated by org.testng.reporters.JUnitReportReporter -->
<testsuite hostname="DESKTOP-8BLGLA0" failures="0" tests="1" name="Temp.AutoSuggestEditBox" time="11.043" errors="0" timestamp="2020-10-25T00:16:23 IST" skipped="0">
  <testcase classname="Temp.AutoSuggestEditBox" name="main" time="11.043"/>
  <system-out/>
</testsuite> <!-- Temp.AutoSuggestEditBox -->
