<?xml version="1.0" encoding="UTF-8"?>
<!-- Generated by org.testng.reporters.JUnitReportReporter -->
<testsuite hostname="DESKTOP-8BLGLA0" failures="0" tests="1" name="Temp.AA" time="11.442" errors="0" timestamp="2020-10-25T00:18:58 IST" skipped="0">
  <testcase classname="Temp.AA" name="f" time="11.442"/>
  <system-out/>
</testsuite> <!-- Temp.AA -->
