<?xml version="1.0" encoding="UTF-8"?>
<!-- Generated by org.testng.reporters.JUnitReportReporter -->
<testsuite hostname="DESKTOP-8BLGLA0" failures="0" tests="1" name="Temp.Autocomplete" time="17.817" errors="0" timestamp="2020-10-25T00:12:39 IST" skipped="0">
  <testcase classname="Temp.Autocomplete" name="Main" time="17.817"/>
  <system-out/>
</testsuite> <!-- Temp.Autocomplete -->
